2022-11-29T10:02:30.782Z - log: [Package] menu@1.0.0 enable
2022-11-29T10:02:30.785Z - log: [Package] profile@1.0.0 enable
2022-11-29T10:02:30.794Z - log: [Package] project@1.0.2 enable
2022-11-29T10:02:30.799Z - log: [Package] messages@1.0.0 enable
2022-11-29T10:02:30.803Z - log: [Package] program@1.0.0 enable
2022-11-29T10:02:30.811Z - log: [Package] tester@1.0.0 enable
2022-11-29T10:02:30.816Z - log: [Package] preferences@1.0.0 enable
2022-11-29T10:02:34.931Z - log: Profile changed: engine (modules.includeModules: 2d,animation,audio,base,dragon-bones,gfx-webgl,gfx-webgl2,intersection-2d,marionette,particle-2d,physics-2d-box2d,profiler,skeletal-animation,spine,tiled-map,tween,ui,video,webview)
2022-11-29T10:02:34.950Z - log: [Package] engine@1.0.6 enable
2022-11-29T10:02:36.386Z - log: [Package] programming@1.0.0 enable
2022-11-29T10:02:36.457Z - warn: 
2022-11-29T10:02:36.509Z - warn: 
2022-11-29T10:02:36.762Z - log: [Package] device@1.0.1 enable
2022-11-29T10:02:36.796Z - log: [Package] ui-kit@1.0.1 enable
2022-11-29T10:02:36.825Z - log: [Package] engine-extends@1.0.0 enable
2022-11-29T10:02:36.906Z - log: [Package] asset-db@1.0.0 enable
2022-11-29T10:02:36.907Z - warn: 
2022-11-29T10:02:36.961Z - log: [Package] scene@1.0.0 enable
2022-11-29T10:02:37.197Z - log: [Package] server@1.0.0 enable
2022-11-29T10:02:37.233Z - log: [Package] utils@1.0.0 enable
2022-11-29T10:02:38.592Z - warn: Browserslist: caniuse-lite is outdated. Please run:
npx browserslist@latest --update-db

Why you should do it regularly:
https://github.com/browserslist/browserslist#browsers-data-updating
2022-11-29T10:02:43.673Z - warn: 
2022-11-29T10:02:43.673Z - warn: 
2022-11-29T10:02:43.673Z - warn: 
2022-11-29T10:02:43.681Z - warn: 
2022-11-29T10:02:43.681Z - warn: 
2022-11-29T10:02:43.682Z - warn: 
2022-11-29T10:02:46.092Z - warn: 
2022-11-29T10:02:46.183Z - log: [Package] preview@1.0.1 enable
2022-11-29T10:02:46.220Z - log: [Package] animator@1.0.0 enable
2022-11-29T10:02:46.292Z - log: pluginManager init: 0.302ms
2022-11-29T10:02:46.638Z - warn: 
2022-11-29T10:02:46.639Z - warn: 
2022-11-29T10:02:46.639Z - warn: 
2022-11-29T10:02:47.990Z - log: [Package] builder@1.3.3 enable
2022-11-29T10:02:48.027Z - log: [Package] shortcuts@1.0.1 enable
2022-11-29T10:02:48.068Z - log: [Package] animation-graph@1.0.0 enable
2022-11-29T10:02:48.101Z - log: [Package] about@1.0.0 enable
2022-11-29T10:02:48.134Z - log: [Package] assets@1.0.0 enable
2022-11-29T10:02:48.165Z - log: [Package] console@1.0.0 enable
2022-11-29T10:02:48.382Z - log: [Package] extension@3.0.16 enable
2022-11-29T10:02:48.414Z - log: [Package] hierarchy@1.0.0 enable
2022-11-29T10:02:48.450Z - log: [Package] inspector@1.0.0 enable
2022-11-29T10:02:48.483Z - log: [Package] lightmap@1.0.4 enable
2022-11-29T10:02:49.114Z - log: [Package] localization-editor@1.0.0 enable
2022-11-29T10:02:49.125Z - log: [Build-plugin] register pkg localization-editor: 7.104ms
2022-11-29T10:02:49.154Z - log: [Package] node-library@1.0.1 enable
2022-11-29T10:02:49.178Z - log: [Package] package-asset@1.0.0 enable
2022-11-29T10:02:49.209Z - log: [Package] process@1.0.0 enable
2022-11-29T10:02:49.241Z - log: [Package] reference-image@1.0.0 enable
2022-11-29T10:02:49.264Z - log: [Package] alipay-mini-game@1.0.1 enable
2022-11-29T10:02:49.266Z - log: [Build-plugin] register pkg alipay-mini-game: 1.787ms
2022-11-29T10:02:49.291Z - log: [Package] android@1.0.1 enable
2022-11-29T10:02:49.310Z - log: [Build-plugin] register pkg android: 18.518ms
2022-11-29T10:02:49.335Z - log: [Package] baidu-mini-game@1.0.1 enable
2022-11-29T10:02:49.341Z - log: [Build-plugin] register pkg baidu-mini-game: 6.09ms
2022-11-29T10:02:49.431Z - log: [Package] bytedance-mini-game@1.0.2 enable
2022-11-29T10:02:49.436Z - log: [Build-plugin] register pkg bytedance-mini-game: 4.17ms
2022-11-29T10:02:49.458Z - log: [Package] certificate@1.0.0 enable
2022-11-29T10:02:49.481Z - log: [Package] channel-upload-tools@1.0.0 enable
2022-11-29T10:02:49.506Z - log: [Package] cocos-play@1.0.1 enable
2022-11-29T10:02:49.513Z - log: [Build-plugin] register pkg cocos-play: 6.587ms
2022-11-29T10:02:49.537Z - log: [Package] huawei-agc@1.0.0 enable
2022-11-29T10:02:49.543Z - log: [Build-plugin] register pkg huawei-agc: 6.046ms
2022-11-29T10:02:49.569Z - log: [Package] huawei-quick-game@1.0.1 enable
2022-11-29T10:02:49.575Z - log: [Build-plugin] register pkg huawei-quick-game: 5.723ms
2022-11-29T10:02:49.608Z - log: [Package] ios@1.0.0 enable
2022-11-29T10:02:49.615Z - log: [Build-plugin] register pkg ios: 6.869ms
2022-11-29T10:02:49.640Z - log: [Package] linux@1.0.0 enable
2022-11-29T10:02:49.644Z - log: [Build-plugin] register pkg linux: 3.603ms
2022-11-29T10:02:49.668Z - log: [Package] mac@1.0.0 enable
2022-11-29T10:02:49.677Z - log: [Build-plugin] register pkg mac: 8.13ms
2022-11-29T10:02:49.805Z - log: [Package] native@1.0.2 enable
2022-11-29T10:02:49.810Z - log: [Build-plugin] register pkg native: 5.072ms
2022-11-29T10:02:49.835Z - log: [Package] ohos@1.0.0 enable
2022-11-29T10:02:49.842Z - log: [Build-plugin] register pkg ohos: 5.935ms
2022-11-29T10:02:49.864Z - log: [Package] open-harmonyos@1.0.0 enable
2022-11-29T10:02:49.866Z - log: [Build-plugin] register pkg open-harmonyos: 1.319ms
2022-11-29T10:02:49.889Z - log: [Package] oppo-mini-game@1.0.1 enable
2022-11-29T10:02:49.896Z - log: [Build-plugin] register pkg oppo-mini-game: 6.283ms
2022-11-29T10:02:49.919Z - log: [Package] runtime-dev-tools@1.0.0 enable
2022-11-29T10:02:49.943Z - log: [Package] vivo-mini-game@1.0.1 enable
2022-11-29T10:02:49.950Z - log: [Build-plugin] register pkg vivo-mini-game: 7.435ms
2022-11-29T10:02:50.013Z - log: [Package] web-desktop@1.0.1 enable
2022-11-29T10:02:50.022Z - log: [Build-plugin] register pkg web-desktop: 8.357ms
2022-11-29T10:02:50.057Z - log: [Package] web-mobile@1.0.1 enable
2022-11-29T10:02:50.064Z - log: [Build-plugin] register pkg web-mobile: 6.205ms
2022-11-29T10:02:50.098Z - log: [Package] wechatgame@1.0.2 enable
2022-11-29T10:02:50.105Z - log: [Build-plugin] register pkg wechatgame: 6.779ms
2022-11-29T10:02:50.129Z - log: [Package] windows@1.0.1 enable
2022-11-29T10:02:50.136Z - log: [Build-plugin] register pkg windows: 6.44ms
2022-11-29T10:02:50.160Z - log: [Package] xiaomi-quick-game@1.0.1 enable
2022-11-29T10:02:50.167Z - log: [Build-plugin] register pkg xiaomi-quick-game: 6.813ms
2022-11-29T10:02:50.547Z - log: [Package] cocos-service@3.0.4 enable
2022-11-29T10:02:50.559Z - log: [Build-plugin] register pkg cocos-service: 6.534ms
2022-11-29T10:02:50.604Z - log: [Package] importer@1.0.0 enable
2022-11-29T10:02:50.983Z - log: [Im-plugin] Check im-plugin version.
2022-11-29T10:02:50.990Z - log: [Package] im-plugin@3.0.9 enable
2022-11-29T10:02:52.663Z - log: [Im-plugin] No online info of im-plugin.
2022-11-29T10:02:57.812Z - log: [Scene] Please specifiy a default value for "cc.EditorExtendable.__editorExtras__" property at its declaration:

 
// Before:
@property(...)
myProp;
// After:
@property(...)
myProp = 0;
2022-11-29T10:02:57.851Z - log: [Scene] Please specifiy a default value for "CCPropertyOverrideInfo.value" property at its declaration:

 
// Before:
@property(...)
myProp;
// After:
@property(...)
myProp = 0;
2022-11-29T10:02:57.852Z - log: [Scene] Please specifiy a default value for "cc.PrefabInfo.asset" property at its declaration:

 
// Before:
@property(...)
myProp;
// After:
@property(...)
myProp = 0;
2022-11-29T10:02:57.852Z - log: [Scene] Please specifiy a default value for "cc.PrefabInfo.nestedPrefabInstanceRoots" property at its declaration:

 
// Before:
@property(...)
myProp;
// After:
@property(...)
myProp = 0;
2022-11-29T10:02:57.857Z - log: [Scene] The 'default' attribute of 'ColorDesc.beginAccesses' must be an array
2022-11-29T10:02:57.858Z - log: [Scene] The 'default' attribute of 'ColorDesc.endAccesses' must be an array
2022-11-29T10:02:57.881Z - log: [Scene] Please specifiy a default value for "cc.animation.TrackBinding.proxy" property at its declaration:

 
// Before:
@property(...)
myProp;
// After:
@property(...)
myProp = 0;
2022-11-29T10:02:57.882Z - log: [Scene] Please specifiy a default value for "cc.animation.Channel._curve" property at its declaration:

 
// Before:
@property(...)
myProp;
// After:
@property(...)
myProp = 0;
2022-11-29T10:02:57.882Z - log: [Scene] Please specifiy a default value for "cc.animation.SingleChannelTrack._channel" property at its declaration:

 
// Before:
@property(...)
myProp;
// After:
@property(...)
myProp = 0;
2022-11-29T10:02:57.883Z - log: [Scene] Please specifiy a default value for "cc.animation.VectorTrack._channels" property at its declaration:

 
// Before:
@property(...)
myProp;
// After:
@property(...)
myProp = 0;
2022-11-29T10:02:57.884Z - log: [Scene] Please specifiy a default value for "cc.animation.ColorTrack._channels" property at its declaration:

 
// Before:
@property(...)
myProp;
// After:
@property(...)
myProp = 0;
2022-11-29T10:02:57.884Z - log: [Scene] Please specifiy a default value for "cc.animation.SizeTrack._channels" property at its declaration:

 
// Before:
@property(...)
myProp;
// After:
@property(...)
myProp = 0;
2022-11-29T10:02:57.885Z - log: [Scene] Please specifiy a default value for "cc.animation.Transition.from" property at its declaration:

 
// Before:
@property(...)
myProp;
// After:
@property(...)
myProp = 0;
2022-11-29T10:02:57.885Z - log: [Scene] Please specifiy a default value for "cc.animation.Transition.to" property at its declaration:

 
// Before:
@property(...)
myProp;
// After:
@property(...)
myProp = 0;
2022-11-29T10:02:57.886Z - log: [Scene] Please specifiy a default value for "cc.animation.StateMachine._entryState" property at its declaration:

 
// Before:
@property(...)
myProp;
// After:
@property(...)
myProp = 0;
2022-11-29T10:02:57.886Z - log: [Scene] Please specifiy a default value for "cc.animation.StateMachine._exitState" property at its declaration:

 
// Before:
@property(...)
myProp;
// After:
@property(...)
myProp = 0;
2022-11-29T10:02:57.886Z - log: [Scene] Please specifiy a default value for "cc.animation.StateMachine._anyState" property at its declaration:

 
// Before:
@property(...)
myProp;
// After:
@property(...)
myProp = 0;
2022-11-29T10:02:57.886Z - log: [Scene] Please specifiy a default value for "cc.animation.Layer._stateMachine" property at its declaration:

 
// Before:
@property(...)
myProp;
// After:
@property(...)
myProp = 0;
2022-11-29T10:02:57.887Z - log: [Scene] Please specifiy a default value for "cc.animation.ExoticVectorLikeTrackValues._values" property at its declaration:

 
// Before:
@property(...)
myProp;
// After:
@property(...)
myProp = 0;
2022-11-29T10:02:57.887Z - log: [Scene] Please specifiy a default value for "cc.animation.ExoticVectorLikeTrackValues._isQuantized" property at its declaration:

 
// Before:
@property(...)
myProp;
// After:
@property(...)
myProp = 0;
2022-11-29T10:02:57.888Z - log: [Scene] Please specifiy a default value for "cc.animation.ExoticTrack.times" property at its declaration:

 
// Before:
@property(...)
myProp;
// After:
@property(...)
myProp = 0;
2022-11-29T10:02:57.888Z - log: [Scene] Please specifiy a default value for "cc.animation.ExoticTrack.values" property at its declaration:

 
// Before:
@property(...)
myProp;
// After:
@property(...)
myProp = 0;
2022-11-29T10:02:57.888Z - log: [Scene] Please specifiy a default value for "cc.animation.QuantizedFloatArray.originalPrecision" property at its declaration:

 
// Before:
@property(...)
myProp;
// After:
@property(...)
myProp = 0;
2022-11-29T10:02:57.888Z - log: [Scene] Please specifiy a default value for "cc.animation.QuantizedFloatArray.min" property at its declaration:

 
// Before:
@property(...)
myProp;
// After:
@property(...)
myProp = 0;
2022-11-29T10:02:57.888Z - log: [Scene] Please specifiy a default value for "cc.animation.QuantizedFloatArray.extent" property at its declaration:

 
// Before:
@property(...)
myProp;
// After:
@property(...)
myProp = 0;
2022-11-29T10:02:57.888Z - log: [Scene] Please specifiy a default value for "cc.animation.QuantizedFloatArray.values" property at its declaration:

 
// Before:
@property(...)
myProp;
// After:
@property(...)
myProp = 0;
2022-11-29T10:02:57.947Z - log: [Scene] 'cc.ParticleSystem2D.color' hides inherited property 'cc.UIRenderer.color'. To make the current property override that implementation, add the `override: true` attribute please.
2022-11-29T10:02:58.039Z - log: [Scene] No needs to indicate the 'cc.Boolean' attribute for "cc.Terrain._receiveShadow", which its default value is type of Boolean.
2022-11-29T10:02:58.039Z - log: [Scene] No needs to indicate the 'cc.Boolean' attribute for "cc.Terrain._useNormalmap", which its default value is type of Boolean.
2022-11-29T10:02:58.039Z - log: [Scene] No needs to indicate the 'cc.Boolean' attribute for "cc.Terrain._usePBR", which its default value is type of Boolean.
2022-11-29T10:02:58.039Z - log: [Scene] No needs to indicate the 'cc.Boolean' attribute for "cc.Terrain._lodEnable", which its default value is type of Boolean.
2022-11-29T10:02:58.184Z - info: [Scene] [Physics][Bullet]: Using asmjs Bullet libs.
2022-11-29T10:02:58.204Z - info: [Scene] [PHYSICS]: using builtin.
2022-11-29T10:02:58.401Z - log: [Scene] Cocos Creator v3.6.0
2022-11-29T10:02:58.402Z - info: [Scene] Forward render pipeline initialized.
2022-11-29T10:03:58.407Z - log: [Window] Deprecated as of 10.7.0. highlight(lang, code, ...args) has been deprecated.
2022-11-29T10:03:58.407Z - log: [Window] Deprecated as of 10.7.0. Please use highlight(code, options) instead.
https://github.com/highlightjs/highlight.js/issues/2277
